2020-11-02 15:15:24.996  INFO 12472 --- [main] ee.taltech.critter.CritterApplication    : Starting CritterApplication on CyanCotton with PID 12472 (C:\Users\Henri\IdeaProjects\iti0203-2020-project-backend\build\classes\java\main started by Henri in C:\Users\Henri\IdeaProjects\iti0203-2020-project-backend)
2020-11-02 15:15:25.014  INFO 12472 --- [main] ee.taltech.critter.CritterApplication    : No active profile set, falling back to default profiles: default
2020-11-02 15:15:26.971  INFO 12472 --- [main] .s.d.r.c.RepositoryConfigurationDelegate : Bootstrapping Spring Data JPA repositories in DEFERRED mode.
2020-11-02 15:15:27.156  INFO 12472 --- [main] .s.d.r.c.RepositoryConfigurationDelegate : Finished Spring Data repository scanning in 162ms. Found 4 JPA repository interfaces.
2020-11-02 15:15:28.276  INFO 12472 --- [main] o.s.b.w.embedded.tomcat.TomcatWebServer  : Tomcat initialized with port(s): 8080 (http)
2020-11-02 15:15:28.296  INFO 12472 --- [main] o.apache.catalina.core.StandardService   : Starting service [Tomcat]
2020-11-02 15:15:28.296  INFO 12472 --- [main] org.apache.catalina.core.StandardEngine  : Starting Servlet engine: [Apache Tomcat/9.0.37]
2020-11-02 15:15:28.591  INFO 12472 --- [main] o.a.c.c.C.[Tomcat].[localhost].[/api]    : Initializing Spring embedded WebApplicationContext
2020-11-02 15:15:28.591  INFO 12472 --- [main] w.s.c.ServletWebServerApplicationContext : Root WebApplicationContext: initialization completed in 3465 ms
2020-11-02 15:15:28.651  INFO 12472 --- [main] com.zaxxer.hikari.HikariDataSource       : HikariPool-1 - Starting...
2020-11-02 15:15:33.620  INFO 12472 --- [main] com.zaxxer.hikari.HikariDataSource       : HikariPool-1 - Start completed.
2020-11-02 15:15:33.630  INFO 12472 --- [main] o.s.b.a.h2.H2ConsoleAutoConfiguration    : H2 console available at '/h2-console'. Database available at 'jdbc:h2:./h2/games'
2020-11-02 15:15:33.916  INFO 12472 --- [main] o.s.s.concurrent.ThreadPoolTaskExecutor  : Initializing ExecutorService 'applicationTaskExecutor'
2020-11-02 15:15:33.997  INFO 12472 --- [task-1] o.hibernate.jpa.internal.util.LogHelper  : HHH000204: Processing PersistenceUnitInfo [name: default]
2020-11-02 15:15:34.125  INFO 12472 --- [task-1] org.hibernate.Version                    : HHH000412: Hibernate ORM core version 5.4.20.Final
2020-11-02 15:15:34.495  INFO 12472 --- [task-1] o.hibernate.annotations.common.Version   : HCANN000001: Hibernate Commons Annotations {5.1.0.Final}
2020-11-02 15:15:34.681  INFO 12472 --- [task-1] org.hibernate.dialect.Dialect            : HHH000400: Using dialect: org.hibernate.dialect.H2Dialect
2020-11-02 15:15:34.847  WARN 12472 --- [main] JpaBaseConfiguration$JpaWebConfiguration : spring.jpa.open-in-view is enabled by default. Therefore, database queries may be performed during view rendering. Explicitly configure spring.jpa.open-in-view to disable this warning
2020-11-02 15:15:35.528  INFO 12472 --- [main] o.s.b.w.embedded.tomcat.TomcatWebServer  : Tomcat started on port(s): 8080 (http) with context path '/api'
2020-11-02 15:15:36.121  INFO 12472 --- [task-1] o.h.e.t.j.p.i.JtaPlatformInitiator       : HHH000490: Using JtaPlatform implementation: [org.hibernate.engine.transaction.jta.platform.internal.NoJtaPlatform]
2020-11-02 15:15:36.133  INFO 12472 --- [task-1] j.LocalContainerEntityManagerFactoryBean : Initialized JPA EntityManagerFactory for persistence unit 'default'
2020-11-02 15:15:36.137  INFO 12472 --- [main] DeferredRepositoryInitializationListener : Triggering deferred initialization of Spring Data repositories…
2020-11-02 15:15:36.570  INFO 12472 --- [main] DeferredRepositoryInitializationListener : Spring Data repositories initialized!
2020-11-02 15:15:36.595  INFO 12472 --- [main] ee.taltech.critter.CritterApplication    : Started CritterApplication in 12.504 seconds (JVM running for 13.912)
2020-11-02 15:15:45.976  INFO 12472 --- [http-nio-8080-exec-1] o.apache.tomcat.util.http.parser.Cookie  : A cookie header was received [kristjan","kuumaandumise eitaja",61592292],["Karl","Rakett kaelas",61646952],["Mart","Nasa kleepsud",61692747],["Ats","Star Trek",61723568],["anton","trooper",61776923],["karel vux","Futurama Dr. Zoidberg",61866622],["Carina","Galaxy skiirt",61908703],["Reivo","Among Us impostor",61958127],["Argo","galaxy boi",62002436],["laura","nyan cat",62030184],["Kairi","tähetolm",62077986],["Tairo Jürisson","Tähesadu",62111039],["Jan-Erik","Space Hitler",62164185],["Ingrid","space bar",62184747],["Tõnis Suurkaev","Hõbenaut XY",62240685],["Liisi Lota Pals","Hõbenaut XX",62281536],["christina","Space girllll",62301106],["Käti","Neptuun",62340339],["Andrei","Cosmic Student",62523666],["Henri","trash bag alien",62649253],["Carmen","Space Liberty Statue",62711097],["Rasmus K","Handyman from Mars",62977148],["Elo ","Roheline elukas",63197355],["Helena ","tinkivinki (tulnukas) lillaaaaa",63486329],["Rosemary","Han Solo",63857470],["Peter","Taevas Tallinna kohal",66248050],["Siret","02 (punaste sarvedega)",66360379],["Jolanta","Fooliumtulnukas",66380714],["Oliver Ilp","Mingi tulnukas",68705540],["Minna ","Space hooker ",70593227],["Anton ja Helene","Vello ja Tauno",70685884],["Hanno","24th century star trek man",71560497]]; votes=[[61908703,62240685,63486329],[62977148,61908703,62184747],[62711097,62523666,61958127,62977148,66380714],[61908703,62649253,66380714,62977148,61866622,61958127,63486329,62711097],[62164185,62340339,66380714],[62164185,61908703,61866622,62240685,62281536,61958127,63857470],[62164185,62240685,62281536,63857470,62184747,62711097,61958127],[62977148,62240685,62281536,63857470,62649253,63197355,62523666,62301106,62164185],[66360379,62977148,63857470,61908703,63486329,62301106,62649253,61866622,61958127,62523666],[62977148,61866622,62711097,63857470],[66360379,63857470,62164185,61866622],[62977148,61866622,62711097,62164185,62240685,62281536,61958127,66380714],[61908703,66360379,62077986],[61908703],[61958127,62164185,66380714],[62649253,62184747,62164185,62977148,62240685,62281536],[68705540,62649253,63486329,61866622],[63486329,61646952,68705540,66360379],[62240685,62711097,62977148],[66360379,62523666,62977148,61866622,62184747],[61908703,62977148,63486329,66380714,62184747],[63486329,61866622,62711097],[63486329,61723568,62184747,61692747,61646952],[61692747,61646952,61592292],[66248050],[66360379,62184747,62977148,63486329,66380714],[66360379,62184747,62649253,66380714,61866622,68705540,62977148,63486329],[62184747,62164185,63857470],[62281536,61908703,62164185],[62164185],[63486329,63197355,63857470,62977148],[61776923,63857470,62340339,62164185,62002436],[70593227,63857470,66248050,62164185,61692747,61958127,61866622,61723568,61646952,61592292,62649253,66380714,62711097,62111039,62030184,62002436,61908703,62977148,68705540,62523666,62340339,62184747,62240685,62281536,62077986,63197355,61776923,63486329,62301106,66360379,70685884],[62002436,62077986,62030184,63857470,62649253,62164185,62111039,61908703,61723568,61646952,61592292,70593227,68705540,62523666,62340339,62301106,62281536,62240685,62184747,61958127,61866622,61776923,61692747,70685884,66380714,66360379,66248050,63486329,63197355,62977148,62711097],[66360379,66248050,61958127],[62164185,63857470,66360379,61866622,62649253,61723568,62977148,61958127,66380714,61692747],[62301106],[70685884,61908703,61958127],[62281536,62240685,63197355,62301106,63486329,61908703],[62002436,61958127,61908703,61866622,61776923,61723568,61692747,61646952,63857470,63486329,63197355,62977148,62711097,62649253,62523666,62340339,62301106,62281536,62240685,62184747,62164185,62111039,62077986,66248050,62030184,61592292,66360379,71560497,70685884,70593227,66380714],[62184747,62977148,66248050,66360379],[62164185,62649253,61908703,62977148,62711097,63486329,70593227,70685884,63857470],[62164185,61958127,62301106,62711097,62649253,63857470],[62301106,62184747,62164185,61908703,63486329,66248050,62523666,61866622,68705540,61958127],[62977148,62240685,62281536,62164185,61592292,70685884]]; Phpstorm-8f0c5838=c4170be3-4072-492d-8133-77ec7fc00ee8] that contained an invalid cookie. That cookie will be ignored.
 Note: further occurrences of this error will be logged at DEBUG level.
2020-11-02 15:15:45.992  INFO 12472 --- [http-nio-8080-exec-1] o.a.c.c.C.[Tomcat].[localhost].[/api]    : Initializing Spring DispatcherServlet 'dispatcherServlet'
2020-11-02 15:15:45.992  INFO 12472 --- [http-nio-8080-exec-1] o.s.web.servlet.DispatcherServlet        : Initializing Servlet 'dispatcherServlet'
2020-11-02 15:15:46.011  INFO 12472 --- [http-nio-8080-exec-1] o.s.web.servlet.DispatcherServlet        : Completed initialization in 18 ms
